<?xml version="1.0" encoding="UTF-8"?>
<!-- Generated by org.testng.reporters.JUnitXMLReporter -->
<testsuite hostname="DESKTOP-661A5OB" name="Test" tests="4" failures="0" timestamp="23 Aug 2020 09:21:18 GMT" time="159.601" errors="0">
  <testcase name="basePageNavigation" time="1.492" classname="Academy.ValidationNavBar"/>
  <testcase name="basePageNavigation" time="1.097" classname="Academy.ValidationTitle"/>
  <testcase name="basePageNavigation" time="33.64" classname="Academy.HomePage"/>
  <testcase name="basePageNavigation" time="12.352" classname="Academy.HomePage"/>
</testsuite> <!-- Test -->
