-------------------------------------------------------------------------------
Test set: TestSuite
-------------------------------------------------------------------------------
Tests run: 4, Failures: 1, Errors: 0, Skipped: 0, Time elapsed: 147.247 s <<< FAILURE! - in TestSuite
Academy.ValidationTitle.validateAppTitle  Time elapsed: 1.609 s  <<< FAILURE!
java.lang.AssertionError: expected [FEATURED COURSES123] but found [FEATURED COURSES]
	at Academy.ValidationTitle.validateAppTitle(ValidationTitle.java:43)

